<?xml version="1.0" encoding="UTF-8" ?>
<testsuite tests="1" failures="0" name="cbt.cucumber.RunCukesTest" time="7.467" errors="1" skipped="0">
  <properties>
[...]
</properties>
  <testcase classname="Refund" name="Refund Platium" time="7.467">
    <error message="Could not start a new session. Response code 500. Message: session not created: This version of ChromeDriver only supports Chrome version 129
Current browser version is 131.0.6778.205 with binary path C:\Program Files\Google\Chrome\Application\chrome.exe
Build info: version: &apos;3.9.1&apos;, revision: &apos;63f7b50&apos;, time: &apos;2018-02-07T22:42:28.403Z&apos;
System info: host: &apos;L42692WEU&apos;, ip: &apos;192.168.1.141&apos;, os.name: &apos;Windows 11&apos;, os.arch: &apos;amd64&apos;, os.version: &apos;10.0&apos;, java.version: &apos;1.8.0_432&apos;
Driver info: driver.version: unknown
remote stacktrace: 	GetHandleVerifier [0x00007FF7C385B095+29557]
	(No symbol) [0x00007FF7C37CFA50]
	(No symbol) [0x00007FF7C368B56A]
	(No symbol) [0x00007FF7C36CDDF7]
	(No symbol) [0x00007FF7C36CCE8B]
	(No symbol) [0x00007FF7C36C79AE]
	(No symbol) [0x00007FF7C36C251E]
	(No symbol) [0x00007FF7C3712F90]
	(No symbol) [0x00007FF7C3712620]
	(No symbol) [0x00007FF7C3706F33]
	(No symbol) [0x00007FF7C36D116F]
	(No symbol) [0x00007FF7C36D22D1]
	GetHandleVerifier [0x00007FF7C3B8C96D+3378253]
	GetHandleVerifier [0x00007FF7C3BD8497+3688311]
	GetHandleVerifier [0x00007FF7C3BCD1CB+3642539]
	GetHandleVerifier [0x00007FF7C391A6B6+813462]
	(No symbol) [0x00007FF7C37DAB5F]
	(No symbol) [0x00007FF7C37D6B74]
	(No symbol) [0x00007FF7C37D6D10]
	(No symbol) [0x00007FF7C37C5C1F]
	BaseThreadInitThunk [0x00007FFA9820259D+29]
	RtlUserThreadStart [0x00007FFA99A8AF38+40]
 
Host info: host: &apos;L42692WEU&apos;, ip: &apos;192.168.1.141&apos;
Build info: version: &apos;4.6.0&apos;, revision: &apos;79f1c02ae20&apos;
System info: os.name: &apos;Windows 11&apos;, os.arch: &apos;amd64&apos;, os.version: &apos;10.0&apos;, java.version: &apos;1.8.0_432&apos;
Driver info: org.openqa.selenium.remote.RemoteWebDriver
Command: [null, newSession {capabilities=[Capabilities {browserName: chrome, goog:chromeOptions: {args: [start-maximized], extensions: []}, platformName: Windows 11}], desiredCapabilities=Capabilities {browserName: chrome, goog:chromeOptions: {args: [start-maximized], extensions: []}, platformName: Windows 11}}]
Capabilities {}" type="org.openqa.selenium.SessionNotCreatedException">org.openqa.selenium.SessionNotCreatedException: Could not start a new session. Response code 500. Message: session not created: This version of ChromeDriver only supports Chrome version 129
Current browser version is 131.0.6778.205 with binary path C:\Program Files\Google\Chrome\Application\chrome.exe
Build info: version: &apos;3.9.1&apos;, revision: &apos;63f7b50&apos;, time: &apos;2018-02-07T22:42:28.403Z&apos;
System info: host: &apos;L42692WEU&apos;, ip: &apos;192.168.1.141&apos;, os.name: &apos;Windows 11&apos;, os.arch: &apos;amd64&apos;, os.version: &apos;10.0&apos;, java.version: &apos;1.8.0_432&apos;
Driver info: driver.version: unknown
remote stacktrace: 	GetHandleVerifier [0x00007FF7C385B095+29557]
	(No symbol) [0x00007FF7C37CFA50]
	(No symbol) [0x00007FF7C368B56A]
	(No symbol) [0x00007FF7C36CDDF7]
	(No symbol) [0x00007FF7C36CCE8B]
	(No symbol) [0x00007FF7C36C79AE]
	(No symbol) [0x00007FF7C36C251E]
	(No symbol) [0x00007FF7C3712F90]
	(No symbol) [0x00007FF7C3712620]
	(No symbol) [0x00007FF7C3706F33]
	(No symbol) [0x00007FF7C36D116F]
	(No symbol) [0x00007FF7C36D22D1]
	GetHandleVerifier [0x00007FF7C3B8C96D+3378253]
	GetHandleVerifier [0x00007FF7C3BD8497+3688311]
	GetHandleVerifier [0x00007FF7C3BCD1CB+3642539]
	GetHandleVerifier [0x00007FF7C391A6B6+813462]
	(No symbol) [0x00007FF7C37DAB5F]
	(No symbol) [0x00007FF7C37D6B74]
	(No symbol) [0x00007FF7C37D6D10]
	(No symbol) [0x00007FF7C37C5C1F]
	BaseThreadInitThunk [0x00007FFA9820259D+29]
	RtlUserThreadStart [0x00007FFA99A8AF38+40]
 
Host info: host: &apos;L42692WEU&apos;, ip: &apos;192.168.1.141&apos;
Build info: version: &apos;4.6.0&apos;, revision: &apos;79f1c02ae20&apos;
System info: os.name: &apos;Windows 11&apos;, os.arch: &apos;amd64&apos;, os.version: &apos;10.0&apos;, java.version: &apos;1.8.0_432&apos;
Driver info: org.openqa.selenium.remote.RemoteWebDriver
Command: [null, newSession {capabilities=[Capabilities {browserName: chrome, goog:chromeOptions: {args: [start-maximized], extensions: []}, platformName: Windows 11}], desiredCapabilities=Capabilities {browserName: chrome, goog:chromeOptions: {args: [start-maximized], extensions: []}, platformName: Windows 11}}]
Capabilities {}
	at org.openqa.selenium.remote.ProtocolHandshake.createSession(ProtocolHandshake.java:146)
	at org.openqa.selenium.remote.ProtocolHandshake.createSession(ProtocolHandshake.java:101)
	at org.openqa.selenium.remote.ProtocolHandshake.createSession(ProtocolHandshake.java:67)
	at org.openqa.selenium.remote.HttpCommandExecutor.execute(HttpCommandExecutor.java:156)
	at org.openqa.selenium.remote.TracedCommandExecutor.execute(TracedCommandExecutor.java:51)
	at org.openqa.selenium.remote.RemoteWebDriver.execute(RemoteWebDriver.java:541)
	at org.openqa.selenium.remote.RemoteWebDriver.startSession(RemoteWebDriver.java:242)
	at org.openqa.selenium.remote.RemoteWebDriver.&lt;init&gt;(RemoteWebDriver.java:157)
	at org.openqa.selenium.remote.RemoteWebDriver.&lt;init&gt;(RemoteWebDriver.java:139)
	at cbt.cucumber.Refund.setUp(Refund.java:55)
</error>
    <system-out>TargetURL =https://lab-03254-bos.lab-internal.pega.com/prweb/app/FlightManagementSolTest/
SeleniumGridURL =http://localhost:5555/wd/hub
Browser =chrome
Username =AUTUser@flightmgmt.com
Password =Merda2024!
</system-out>
    <system-err>Jan 02, 2025 1:25:46 PM org.openqa.selenium.remote.tracing.opentelemetry.OpenTelemetryTracer createTracer
INFO: Using OpenTelemetry for tracing
SLF4J: Failed to load class &quot;org.slf4j.impl.StaticLoggerBinder&quot;.
SLF4J: Defaulting to no-operation (NOP) logger implementation
SLF4J: See http://www.slf4j.org/codes.html#StaticLoggerBinder for further details.
</system-err>
  </testcase>
</testsuite>